0 info it worked if it ends with ok
1 verbose cli [ '/usr/local/bin/node',
1 verbose cli   '/usr/local/bin/npm',
1 verbose cli   'run',
1 verbose cli   'pull-file' ]
2 info using npm@3.8.6
3 info using node@v6.1.0
4 verbose run-script [ 'prepull-file', 'pull-file', 'postpull-file' ]
5 info lifecycle hexo-site@0.0.0~prepull-file: hexo-site@0.0.0
6 silly lifecycle hexo-site@0.0.0~prepull-file: no script for prepull-file, continuing
7 info lifecycle hexo-site@0.0.0~pull-file: hexo-site@0.0.0
8 verbose lifecycle hexo-site@0.0.0~pull-file: unsafe-perm in lifecycle true
9 verbose lifecycle hexo-site@0.0.0~pull-file: PATH: /usr/local/lib/node_modules/npm/bin/node-gyp-bin:/Users/chen/github/qiudaoermu.github.io/node_modules/.bin:/usr/local/bin:/usr/local/opt/ruby/bin:/usr/local/bin:/usr/bin:/bin:/usr/sbin:/sbin:/usr/local/share/dotnet:~/.dotnet/tools:/Library/Frameworks/Mono.framework/Versions/Current/Commands:/usr/local/opt/ruby/bin:/Users/chen/.rvm/bin:/Users/chen/.rvm/bin
10 verbose lifecycle hexo-site@0.0.0~pull-file: CWD: /Users/chen/github/qiudaoermu.github.io
11 silly lifecycle hexo-site@0.0.0~pull-file: Args: [ '-c', 'node ./pub-scripts/setUp.js' ]
12 silly lifecycle hexo-site@0.0.0~pull-file: Returned: code: 1  signal: null
13 info lifecycle hexo-site@0.0.0~pull-file: Failed to exec pull-file script
14 verbose stack Error: hexo-site@0.0.0 pull-file: `node ./pub-scripts/setUp.js`
14 verbose stack Exit status 1
14 verbose stack     at EventEmitter.<anonymous> (/usr/local/lib/node_modules/npm/lib/utils/lifecycle.js:239:16)
14 verbose stack     at emitTwo (events.js:106:13)
14 verbose stack     at EventEmitter.emit (events.js:191:7)
14 verbose stack     at ChildProcess.<anonymous> (/usr/local/lib/node_modules/npm/lib/utils/spawn.js:24:14)
14 verbose stack     at emitTwo (events.js:106:13)
14 verbose stack     at ChildProcess.emit (events.js:191:7)
14 verbose stack     at maybeClose (internal/child_process.js:850:16)
14 verbose stack     at Process.ChildProcess._handle.onexit (internal/child_process.js:215:5)
15 verbose pkgid hexo-site@0.0.0
16 verbose cwd /Users/chen/github/qiudaoermu.github.io
17 error Darwin 20.1.0
18 error argv "/usr/local/bin/node" "/usr/local/bin/npm" "run" "pull-file"
19 error node v6.1.0
20 error npm  v3.8.6
21 error code ELIFECYCLE
22 error hexo-site@0.0.0 pull-file: `node ./pub-scripts/setUp.js`
22 error Exit status 1
23 error Failed at the hexo-site@0.0.0 pull-file script 'node ./pub-scripts/setUp.js'.
23 error Make sure you have the latest version of node.js and npm installed.
23 error If you do, this is most likely a problem with the hexo-site package,
23 error not with npm itself.
23 error Tell the author that this fails on your system:
23 error     node ./pub-scripts/setUp.js
23 error You can get information on how to open an issue for this project with:
23 error     npm bugs hexo-site
23 error Or if that isn't available, you can get their info via:
23 error     npm owner ls hexo-site
23 error There is likely additional logging output above.
24 verbose exit [ 1, true ]
